<?xml version="1.0" encoding="UTF-8"?>
<testsuite xmlns:xsi="http://www.w3.org/2001/XMLSchema-instance" xsi:noNamespaceSchemaLocation="https://maven.apache.org/surefire/maven-surefire-plugin/xsd/surefire-test-report-3.0.xsd" version="3.0" name="com.exemple.GradeCalculatorTest" time="0.155" tests="23" errors="0" skipped="0" failures="0">
  <properties>
[...]
</properties>
  <testcase name="test2pt_100" classname="com.exemple.GradeCalculatorTest" time="0.041">
    <system-out><![CDATA[false,1,false,2,2-pt | 100 → A: PASSED
]]></system-out>
  </testcase>
  <testcase name="testScoreMidF" classname="com.exemple.GradeCalculatorTest" time="0.0">
    <system-out><![CDATA[false,1,false,2,Score 25 → F: PASSED
]]></system-out>
  </testcase>
  <testcase name="testScoreZero" classname="com.exemple.GradeCalculatorTest" time="0.002">
    <system-out><![CDATA[false,1,false,2,Score 0 → F: PASSED
]]></system-out>
  </testcase>
  <testcase name="test3pt_1" classname="com.exemple.GradeCalculatorTest" time="0.0">
    <system-out><![CDATA[false,1,false,2,3-pt | 1 → F: PASSED
]]></system-out>
  </testcase>
  <testcase name="testScoreNegatif" classname="com.exemple.GradeCalculatorTest" time="0.014">
    <system-out><![CDATA[false,1,false,2,Score -1 → exception: PASSED
]]></system-out>
  </testcase>
  <testcase name="test2pt_49" classname="com.exemple.GradeCalculatorTest" time="0.002">
    <system-out><![CDATA[false,1,false,2,2-pt | 49 → F: PASSED
]]></system-out>
  </testcase>
  <testcase name="test2pt_50" classname="com.exemple.GradeCalculatorTest" time="0.002">
    <system-out><![CDATA[false,1,false,2,2-pt | 50 → D: PASSED
]]></system-out>
  </testcase>
  <testcase name="test2pt_60" classname="com.exemple.GradeCalculatorTest" time="0.002">
    <system-out><![CDATA[false,1,false,2,2-pt | 60 → D: PASSED
]]></system-out>
  </testcase>
  <testcase name="test2pt_61" classname="com.exemple.GradeCalculatorTest" time="0.004">
    <system-out><![CDATA[false,1,false,2,2-pt | 61 → C: PASSED
]]></system-out>
  </testcase>
  <testcase name="test2pt_75" classname="com.exemple.GradeCalculatorTest" time="0.002">
    <system-out><![CDATA[false,1,false,2,2-pt | 75 → C: PASSED
]]></system-out>
  </testcase>
  <testcase name="test2pt_76" classname="com.exemple.GradeCalculatorTest" time="0.002">
    <system-out><![CDATA[false,1,false,2,2-pt | 76 → B: PASSED
]]></system-out>
  </testcase>
  <testcase name="test2pt_90" classname="com.exemple.GradeCalculatorTest" time="0.008">
    <system-out><![CDATA[false,1,false,2,2-pt | 90 → B: PASSED
]]></system-out>
  </testcase>
  <testcase name="test2pt_91" classname="com.exemple.GradeCalculatorTest" time="0.004">
    <system-out><![CDATA[false,1,false,2,2-pt | 91 → A: PASSED
]]></system-out>
  </testcase>
  <testcase name="test3pt_48" classname="com.exemple.GradeCalculatorTest" time="0.002">
    <system-out><![CDATA[false,1,false,2,3-pt | 48 → F: PASSED
]]></system-out>
  </testcase>
  <testcase name="test3pt_51" classname="com.exemple.GradeCalculatorTest" time="0.0">
    <system-out><![CDATA[false,1,false,2,3-pt | 51 → D: PASSED
]]></system-out>
  </testcase>
  <testcase name="test3pt_59" classname="com.exemple.GradeCalculatorTest" time="0.006">
    <system-out><![CDATA[false,1,false,2,3-pt | 59 → D: PASSED
]]></system-out>
  </testcase>
  <testcase name="test3pt_62" classname="com.exemple.GradeCalculatorTest" time="0.002">
    <system-out><![CDATA[false,1,false,2,3-pt | 62 → C: PASSED
]]></system-out>
  </testcase>
  <testcase name="test3pt_74" classname="com.exemple.GradeCalculatorTest" time="0.002">
    <system-out><![CDATA[false,1,false,2,3-pt | 74 → C: PASSED
]]></system-out>
  </testcase>
  <testcase name="test3pt_77" classname="com.exemple.GradeCalculatorTest" time="0.002">
    <system-out><![CDATA[false,1,false,2,3-pt | 77 → B: PASSED
]]></system-out>
  </testcase>
  <testcase name="test3pt_89" classname="com.exemple.GradeCalculatorTest" time="0.002">
    <system-out><![CDATA[false,1,false,2,3-pt | 89 → B: PASSED
]]></system-out>
  </testcase>
  <testcase name="test3pt_92" classname="com.exemple.GradeCalculatorTest" time="0.0">
    <system-out><![CDATA[false,1,false,2,3-pt | 92 → A: PASSED
]]></system-out>
  </testcase>
  <testcase name="test3pt_99" classname="com.exemple.GradeCalculatorTest" time="0.004">
    <system-out><![CDATA[false,1,false,2,3-pt | 99 → A: PASSED
]]></system-out>
  </testcase>
  <testcase name="testScoreAuDessus100" classname="com.exemple.GradeCalculatorTest" time="0.005">
    <system-out><![CDATA[false,1,false,2,Score 101 → exception: PASSED
]]></system-out>
  </testcase>
</testsuite>